2026-06-19 08:00 LOGIN joao
2026-06-19 08:01 LOGIN maria
2026-06-19 08:03 FALHA joao
2026-06-19 08:04 LOGIN carlos
2026-06-19 08:05 FALHA ana
2026-06-19 08:06 LOGIN joao
2026-06-19 08:07 FALHA joao
2026-06-19 08:08 LOGIN pedro
2026-06-19 08:09 FALHA maria
2026-06-19 08:10 LOGIN ana
2026-06-19 08:11 LOGIN carlos
2026-06-19 08:12 FALHA joao
2026-06-19 08:13 LOGIN maria
2026-06-19 08:14 FALHA pedro
2026-06-19 08:15 LOGIN lucas
2026-06-19 08:16 LOGIN joao
2026-06-19 08:17 FALHA lucas
2026-06-19 08:18 LOGIN ana
2026-06-19 08:19 FALHA joao
2026-06-19 08:20 LOGIN carlos
